{"C:\\Users\\Soluciones Americana\\Desktop\\react-vite\\src\\components\\Crear\\CrearUsuario.tsx": {"path":"C:\\Users\\Soluciones Americana\\Desktop\\react-vite\\src\\components\\Crear\\CrearUsuario.tsx","statementMap":{"0":{"start":{"line":1,"column":0},"end":{"line":1,"column":40}},"1":{"start":{"line":2,"column":0},"end":{"line":2,"column":93}},"2":{"start":{"line":3,"column":0},"end":{"line":3,"column":70}},"3":{"start":{"line":5,"column":31},"end":{"line":52,"column":1}},"4":{"start":{"line":6,"column":30},"end":{"line":6,"column":50}},"5":{"start":{"line":7,"column":32},"end":{"line":7,"column":52}},"6":{"start":{"line":8,"column":28},"end":{"line":8,"column":57}},"7":{"start":{"line":10,"column":29},"end":{"line":29,"column":3}},"8":{"start":{"line":10,"column":64},"end":{"line":10,"column":87}},"9":{"start":{"line":11,"column":4},"end":{"line":26,"column":null}},"10":{"start":{"line":12,"column":43},"end":{"line":15,"column":8}},"11":{"start":{"line":17,"column":41},"end":{"line":17,"column":68}},"12":{"start":{"line":19,"column":6},"end":{"line":19,"column":43}},"13":{"start":{"line":21,"column":2},"end":{"line":25,"column":null}},"14":{"start":{"line":22,"column":4},"end":{"line":22,"column":39}},"15":{"start":{"line":24,"column":4},"end":{"line":24,"column":42}},"16":{"start":{"line":31,"column":2},"end":{"line":51,"column":4}},"17":{"start":{"line":38,"column":61},"end":{"line":38,"column":86}},"18":{"start":{"line":43,"column":62},"end":{"line":43,"column":88}},"19":{"start":{"line":54,"column":0},"end":{"line":54,"column":28}}},"fnMap":{"0":{"name":"(anonymous_0)","decl":{"start":{"line":5,"column":31},"end":{"line":5,"column":34}},"loc":{"start":{"line":5,"column":36},"end":{"line":52,"column":1}}},"1":{"name":"(anonymous_1)","decl":{"start":{"line":10,"column":29},"end":{"line":10,"column":34}},"loc":{"start":{"line":10,"column":62},"end":{"line":29,"column":3}}},"2":{"name":"(anonymous_2)","decl":{"start":{"line":38,"column":54},"end":{"line":38,"column":55}},"loc":{"start":{"line":38,"column":61},"end":{"line":38,"column":86}}},"3":{"name":"(anonymous_3)","decl":{"start":{"line":43,"column":55},"end":{"line":43,"column":56}},"loc":{"start":{"line":43,"column":62},"end":{"line":43,"column":88}}}},"branchMap":{"0":{"loc":{"start":{"line":21,"column":2},"end":{"line":25,"column":null}},"type":"if","locations":[{"start":{"line":21,"column":2},"end":{"line":25,"column":null}},{"start":{"line":23,"column":9},"end":{"line":25,"column":null}}]},"1":{"loc":{"start":{"line":35,"column":9},"end":{"line":35,"column":40}},"type":"binary-expr","locations":[{"start":{"line":35,"column":9},"end":{"line":35,"column":14}},{"start":{"line":35,"column":18},"end":{"line":35,"column":40}}]}},"s":{"0":1,"1":1,"2":1,"3":1,"4":7,"5":7,"6":7,"7":7,"8":2,"9":2,"10":2,"11":2,"12":1,"13":1,"14":1,"15":0,"16":7,"17":2,"18":2,"19":1},"f":{"0":7,"1":2,"2":2,"3":2},"b":{"0":[1,0],"1":[7,1]}}
,"C:\\Users\\Soluciones Americana\\Desktop\\react-vite\\src\\components\\Crear\\StyledCrear.ts": {"path":"C:\\Users\\Soluciones Americana\\Desktop\\react-vite\\src\\components\\Crear\\StyledCrear.ts","statementMap":{"0":{"start":{"line":1,"column":0},"end":{"line":1,"column":39}},"1":{"start":{"line":3,"column":13},"end":{"line":9,"column":2}},"2":{"start":{"line":11,"column":13},"end":{"line":64,"column":2}},"3":{"start":{"line":66,"column":13},"end":{"line":68,"column":2}}},"fnMap":{},"branchMap":{},"s":{"0":1,"1":1,"2":1,"3":1},"f":{},"b":{}}
,"C:\\Users\\Soluciones Americana\\Desktop\\react-vite\\src\\components\\Login\\StyledLogin.ts": {"path":"C:\\Users\\Soluciones Americana\\Desktop\\react-vite\\src\\components\\Login\\StyledLogin.ts","statementMap":{"0":{"start":{"line":1,"column":0},"end":{"line":1,"column":39}},"1":{"start":{"line":3,"column":13},"end":{"line":9,"column":2}},"2":{"start":{"line":11,"column":13},"end":{"line":69,"column":2}}},"fnMap":{},"branchMap":{},"s":{"0":1,"1":1,"2":1},"f":{},"b":{}}
,"C:\\Users\\Soluciones Americana\\Desktop\\react-vite\\src\\components\\Login\\login.tsx": {"path":"C:\\Users\\Soluciones Americana\\Desktop\\react-vite\\src\\components\\Login\\login.tsx","statementMap":{"0":{"start":{"line":1,"column":0},"end":{"line":1,"column":40}},"1":{"start":{"line":2,"column":0},"end":{"line":2,"column":55}},"2":{"start":{"line":3,"column":0},"end":{"line":3,"column":26}},"3":{"start":{"line":11,"column":24},"end":{"line":60,"column":1}},"4":{"start":{"line":12,"column":28},"end":{"line":12,"column":40}},"5":{"start":{"line":13,"column":34},"end":{"line":13,"column":46}},"6":{"start":{"line":14,"column":28},"end":{"line":14,"column":57}},"7":{"start":{"line":16,"column":22},"end":{"line":36,"column":3}},"8":{"start":{"line":17,"column":4},"end":{"line":35,"column":null}},"9":{"start":{"line":18,"column":23},"end":{"line":21,"column":8}},"10":{"start":{"line":23,"column":6},"end":{"line":23,"column":49}},"11":{"start":{"line":26,"column":6},"end":{"line":26,"column":57}},"12":{"start":{"line":29,"column":6},"end":{"line":34,"column":null}},"13":{"start":{"line":30,"column":41},"end":{"line":30,"column":94}},"14":{"start":{"line":31,"column":8},"end":{"line":31,"column":34}},"15":{"start":{"line":33,"column":8},"end":{"line":33,"column":37}},"16":{"start":{"line":39,"column":2},"end":{"line":59,"column":4}},"17":{"start":{"line":47,"column":62},"end":{"line":47,"column":86}},"18":{"start":{"line":51,"column":69},"end":{"line":51,"column":96}},"19":{"start":{"line":62,"column":0},"end":{"line":62,"column":21}}},"fnMap":{"0":{"name":"(anonymous_1)","decl":{"start":{"line":11,"column":24},"end":{"line":11,"column":27}},"loc":{"start":{"line":11,"column":29},"end":{"line":60,"column":1}}},"1":{"name":"(anonymous_2)","decl":{"start":{"line":16,"column":22},"end":{"line":16,"column":27}},"loc":{"start":{"line":16,"column":33},"end":{"line":36,"column":3}}},"2":{"name":"(anonymous_3)","decl":{"start":{"line":47,"column":55},"end":{"line":47,"column":56}},"loc":{"start":{"line":47,"column":62},"end":{"line":47,"column":86}}},"3":{"name":"(anonymous_4)","decl":{"start":{"line":51,"column":62},"end":{"line":51,"column":63}},"loc":{"start":{"line":51,"column":69},"end":{"line":51,"column":96}}}},"branchMap":{"0":{"loc":{"start":{"line":29,"column":6},"end":{"line":34,"column":null}},"type":"if","locations":[{"start":{"line":29,"column":6},"end":{"line":34,"column":null}},{"start":{"line":32,"column":13},"end":{"line":34,"column":null}}]},"1":{"loc":{"start":{"line":30,"column":41},"end":{"line":30,"column":94}},"type":"binary-expr","locations":[{"start":{"line":30,"column":41},"end":{"line":30,"column":61}},{"start":{"line":30,"column":65},"end":{"line":30,"column":94}}]},"2":{"loc":{"start":{"line":43,"column":9},"end":{"line":43,"column":57}},"type":"binary-expr","locations":[{"start":{"line":43,"column":9},"end":{"line":43,"column":14}},{"start":{"line":43,"column":18},"end":{"line":43,"column":57}}]}},"s":{"0":1,"1":1,"2":1,"3":1,"4":6,"5":6,"6":6,"7":6,"8":2,"9":2,"10":1,"11":1,"12":1,"13":0,"14":0,"15":1,"16":6,"17":2,"18":2,"19":1},"f":{"0":6,"1":2,"2":2,"3":2},"b":{"0":[0,1],"1":[0,0],"2":[6,1]}}
,"C:\\Users\\Soluciones Americana\\Desktop\\react-vite\\src\\components\\Usuarios\\StyledUsuarios.ts": {"path":"C:\\Users\\Soluciones Americana\\Desktop\\react-vite\\src\\components\\Usuarios\\StyledUsuarios.ts","statementMap":{"0":{"start":{"line":1,"column":0},"end":{"line":1,"column":39}},"1":{"start":{"line":3,"column":13},"end":{"line":11,"column":2}},"2":{"start":{"line":13,"column":13},"end":{"line":19,"column":2}},"3":{"start":{"line":21,"column":13},"end":{"line":43,"column":2}}},"fnMap":{},"branchMap":{},"s":{"0":1,"1":1,"2":1,"3":1},"f":{},"b":{}}
,"C:\\Users\\Soluciones Americana\\Desktop\\react-vite\\src\\components\\Usuarios\\usuarios.tsx": {"path":"C:\\Users\\Soluciones Americana\\Desktop\\react-vite\\src\\components\\Usuarios\\usuarios.tsx","statementMap":{"0":{"start":{"line":2,"column":0},"end":{"line":2,"column":55}},"1":{"start":{"line":3,"column":0},"end":{"line":3,"column":62}},"2":{"start":{"line":4,"column":0},"end":{"line":4,"column":60}},"3":{"start":{"line":6,"column":27},"end":{"line":40,"column":1}},"4":{"start":{"line":7,"column":76},"end":{"line":7,"column":113}},"5":{"start":{"line":9,"column":2},"end":{"line":9,"column":37}},"6":{"start":{"line":11,"column":2},"end":{"line":39,"column":4}},"7":{"start":{"line":27,"column":14},"end":{"line":27,"column":null}},"8":{"start":{"line":42,"column":0},"end":{"line":42,"column":24}}},"fnMap":{"0":{"name":"(anonymous_0)","decl":{"start":{"line":6,"column":27},"end":{"line":6,"column":30}},"loc":{"start":{"line":6,"column":32},"end":{"line":40,"column":1}}},"1":{"name":"(anonymous_1)","decl":{"start":{"line":26,"column":26},"end":{"line":26,"column":27}},"loc":{"start":{"line":27,"column":14},"end":{"line":27,"column":null}}}},"branchMap":{"0":{"loc":{"start":{"line":14,"column":7},"end":{"line":14,"column":38}},"type":"binary-expr","locations":[{"start":{"line":14,"column":7},"end":{"line":14,"column":16}},{"start":{"line":14,"column":20},"end":{"line":14,"column":38}}]},"1":{"loc":{"start":{"line":15,"column":7},"end":{"line":15,"column":54}},"type":"binary-expr","locations":[{"start":{"line":15,"column":7},"end":{"line":15,"column":14}},{"start":{"line":15,"column":18},"end":{"line":15,"column":54}}]},"2":{"loc":{"start":{"line":16,"column":7},"end":{"line":36,"column":null}},"type":"binary-expr","locations":[{"start":{"line":16,"column":7},"end":{"line":16,"column":15}},{"start":{"line":17,"column":8},"end":{"line":35,"column":null}}]}},"s":{"0":1,"1":1,"2":1,"3":1,"4":4,"5":4,"6":4,"7":2,"8":1},"f":{"0":4,"1":2},"b":{"0":[4,1],"1":[4,1],"2":[4,2]}}
,"C:\\Users\\Soluciones Americana\\Desktop\\react-vite\\src\\services\\api.ts": {"path":"C:\\Users\\Soluciones Americana\\Desktop\\react-vite\\src\\services\\api.ts","statementMap":{"0":{"start":{"line":9,"column":31},"end":{"line":24,"column":1}},"1":{"start":{"line":10,"column":2},"end":{"line":23,"column":null}},"2":{"start":{"line":11,"column":21},"end":{"line":11,"column":70}},"3":{"start":{"line":13,"column":4},"end":{"line":15,"column":null}},"4":{"start":{"line":14,"column":6},"end":{"line":14,"column":54}},"5":{"start":{"line":17,"column":17},"end":{"line":17,"column":38}},"6":{"start":{"line":19,"column":4},"end":{"line":19,"column":34}},"7":{"start":{"line":21,"column":4},"end":{"line":21,"column":49}},"8":{"start":{"line":22,"column":4},"end":{"line":22,"column":57}},"9":{"start":{"line":9,"column":13},"end":{"line":9,"column":31}},"10":{"start":{"line":38,"column":28},"end":{"line":63,"column":1}},"11":{"start":{"line":39,"column":2},"end":{"line":62,"column":null}},"12":{"start":{"line":40,"column":21},"end":{"line":46,"column":6}},"13":{"start":{"line":48,"column":4},"end":{"line":51,"column":null}},"14":{"start":{"line":49,"column":24},"end":{"line":49,"column":45}},"15":{"start":{"line":50,"column":6},"end":{"line":50,"column":70}},"16":{"start":{"line":53,"column":39},"end":{"line":53,"column":60}},"17":{"start":{"line":55,"column":4},"end":{"line":55,"column":16}},"18":{"start":{"line":57,"column":4},"end":{"line":61,"column":null}},"19":{"start":{"line":58,"column":6},"end":{"line":58,"column":37}},"20":{"start":{"line":60,"column":6},"end":{"line":60,"column":51}},"21":{"start":{"line":38,"column":13},"end":{"line":38,"column":28}}},"fnMap":{"0":{"name":"(anonymous_0)","decl":{"start":{"line":9,"column":31},"end":{"line":9,"column":36}},"loc":{"start":{"line":9,"column":62},"end":{"line":24,"column":1}}},"1":{"name":"(anonymous_1)","decl":{"start":{"line":38,"column":28},"end":{"line":38,"column":33}},"loc":{"start":{"line":38,"column":98},"end":{"line":63,"column":1}}}},"branchMap":{"0":{"loc":{"start":{"line":13,"column":4},"end":{"line":15,"column":null}},"type":"if","locations":[{"start":{"line":13,"column":4},"end":{"line":15,"column":null}}]},"1":{"loc":{"start":{"line":48,"column":4},"end":{"line":51,"column":null}},"type":"if","locations":[{"start":{"line":48,"column":4},"end":{"line":51,"column":null}}]},"2":{"loc":{"start":{"line":50,"column":22},"end":{"line":50,"column":68}},"type":"binary-expr","locations":[{"start":{"line":50,"column":22},"end":{"line":50,"column":37}},{"start":{"line":50,"column":41},"end":{"line":50,"column":68}}]},"3":{"loc":{"start":{"line":57,"column":4},"end":{"line":61,"column":null}},"type":"if","locations":[{"start":{"line":57,"column":4},"end":{"line":61,"column":null}},{"start":{"line":59,"column":11},"end":{"line":61,"column":null}}]}},"s":{"0":2,"1":0,"2":0,"3":0,"4":0,"5":0,"6":0,"7":0,"8":0,"9":2,"10":2,"11":0,"12":0,"13":0,"14":0,"15":0,"16":0,"17":0,"18":0,"19":0,"20":0,"21":2},"f":{"0":0,"1":0},"b":{"0":[0],"1":[0],"2":[0,0],"3":[0,0]}}
}
