TN:
SF:src\components\Login\login.tsx
FN:12,(anonymous_1)
FN:17,(anonymous_2)
FN:46,(anonymous_3)
FN:51,(anonymous_4)
FNF:4
FNH:4
FNDA:3,(anonymous_1)
FNDA:1,(anonymous_2)
FNDA:1,(anonymous_3)
FNDA:1,(anonymous_4)
DA:1,1
DA:2,1
DA:12,1
DA:13,3
DA:14,3
DA:15,3
DA:17,3
DA:18,1
DA:19,1
DA:24,0
DA:27,0
DA:30,0
DA:31,0
DA:32,0
DA:34,0
DA:39,3
DA:46,1
DA:51,1
DA:62,1
LF:19
LH:13
BRDA:30,0,0,0
BRDA:30,0,1,0
BRDA:31,1,0,0
BRDA:31,1,1,0
BRDA:42,2,0,3
BRDA:42,2,1,0
BRF:6
BRH:1
end_of_record
TN:
SF:src\components\Usuarios\usuarios.tsx
FN:6,(anonymous_0)
FN:26,(anonymous_1)
FNF:2
FNH:1
FNDA:3,(anonymous_0)
FNDA:0,(anonymous_1)
DA:3,1
DA:4,1
DA:6,1
DA:7,3
DA:9,3
DA:11,3
DA:27,0
DA:42,1
LF:8
LH:7
BRDA:14,0,0,3
BRDA:14,0,1,1
BRDA:15,1,0,3
BRDA:15,1,1,1
BRDA:16,2,0,3
BRDA:16,2,1,1
BRF:6
BRH:6
end_of_record
TN:
SF:src\services\api.ts
FN:9,(anonymous_0)
FN:38,(anonymous_1)
FNF:2
FNH:0
FNDA:0,(anonymous_0)
FNDA:0,(anonymous_1)
DA:9,1
DA:10,0
DA:11,0
DA:13,0
DA:14,0
DA:17,0
DA:19,0
DA:21,0
DA:22,0
DA:38,1
DA:39,0
DA:40,0
DA:48,0
DA:49,0
DA:50,0
DA:53,0
DA:55,0
DA:57,0
DA:58,0
DA:60,0
LF:20
LH:2
BRDA:13,0,0,0
BRDA:48,1,0,0
BRDA:50,2,0,0
BRDA:50,2,1,0
BRDA:57,3,0,0
BRDA:57,3,1,0
BRF:6
BRH:0
end_of_record
