TN:
SF:src\components\Crear\CrearUsuario.tsx
FN:5,(anonymous_0)
FN:10,(anonymous_1)
FN:38,(anonymous_2)
FN:43,(anonymous_3)
FNF:4
FNH:4
FNDA:7,(anonymous_0)
FNDA:2,(anonymous_1)
FNDA:2,(anonymous_2)
FNDA:2,(anonymous_3)
DA:1,1
DA:2,1
DA:3,1
DA:5,1
DA:6,7
DA:7,7
DA:8,7
DA:10,7
DA:11,2
DA:12,2
DA:17,2
DA:19,1
DA:21,1
DA:22,1
DA:24,0
DA:31,7
DA:38,2
DA:43,2
DA:54,1
LF:19
LH:18
BRDA:21,0,0,1
BRDA:21,0,1,0
BRDA:35,1,0,7
BRDA:35,1,1,1
BRF:4
BRH:3
end_of_record
TN:
SF:src\components\Crear\StyledCrear.ts
FNF:0
FNH:0
DA:1,1
DA:3,1
DA:11,1
DA:66,1
LF:4
LH:4
BRF:0
BRH:0
end_of_record
TN:
SF:src\components\Login\StyledLogin.ts
FNF:0
FNH:0
DA:1,1
DA:3,1
DA:11,1
LF:3
LH:3
BRF:0
BRH:0
end_of_record
TN:
SF:src\components\Login\login.tsx
FN:11,(anonymous_1)
FN:16,(anonymous_2)
FN:47,(anonymous_3)
FN:51,(anonymous_4)
FNF:4
FNH:4
FNDA:6,(anonymous_1)
FNDA:2,(anonymous_2)
FNDA:2,(anonymous_3)
FNDA:2,(anonymous_4)
DA:1,1
DA:2,1
DA:3,1
DA:11,1
DA:12,6
DA:13,6
DA:14,6
DA:16,6
DA:17,2
DA:18,2
DA:23,1
DA:26,1
DA:29,1
DA:30,0
DA:31,0
DA:33,1
DA:39,6
DA:47,2
DA:51,2
DA:62,1
LF:20
LH:18
BRDA:29,0,0,0
BRDA:29,0,1,1
BRDA:30,1,0,0
BRDA:30,1,1,0
BRDA:43,2,0,6
BRDA:43,2,1,1
BRF:6
BRH:3
end_of_record
TN:
SF:src\components\Usuarios\StyledUsuarios.ts
FNF:0
FNH:0
DA:1,1
DA:3,1
DA:13,1
DA:21,1
LF:4
LH:4
BRF:0
BRH:0
end_of_record
TN:
SF:src\components\Usuarios\usuarios.tsx
FN:6,(anonymous_0)
FN:26,(anonymous_1)
FNF:2
FNH:2
FNDA:4,(anonymous_0)
FNDA:2,(anonymous_1)
DA:2,1
DA:3,1
DA:4,1
DA:6,1
DA:7,4
DA:9,4
DA:11,4
DA:27,2
DA:42,1
LF:9
LH:9
BRDA:14,0,0,4
BRDA:14,0,1,1
BRDA:15,1,0,4
BRDA:15,1,1,1
BRDA:16,2,0,4
BRDA:16,2,1,2
BRF:6
BRH:6
end_of_record
TN:
SF:src\services\api.ts
FN:9,(anonymous_0)
FN:38,(anonymous_1)
FNF:2
FNH:0
FNDA:0,(anonymous_0)
FNDA:0,(anonymous_1)
DA:9,2
DA:10,0
DA:11,0
DA:13,0
DA:14,0
DA:17,0
DA:19,0
DA:21,0
DA:22,0
DA:38,2
DA:39,0
DA:40,0
DA:48,0
DA:49,0
DA:50,0
DA:53,0
DA:55,0
DA:57,0
DA:58,0
DA:60,0
LF:20
LH:2
BRDA:13,0,0,0
BRDA:48,1,0,0
BRDA:50,2,0,0
BRDA:50,2,1,0
BRDA:57,3,0,0
BRDA:57,3,1,0
BRF:6
BRH:0
end_of_record
